<?xml version="1.0" encoding="UTF-8"?>
<!-- Generated by org.testng.reporters.JUnitReportReporter -->
<testsuite hostname="DESKTOP-5LKKDCR" failures="0" tests="1" name="TestCases.LoginTest" time="1.330" errors="0" timestamp="2024-11-12T20:58:30 IST" skipped="0">
  <testcase classname="TestCases.LoginTest" name="testproject" time="1.330"/>
  <system-out/>
</testsuite> <!-- TestCases.LoginTest -->
