<?xml version="1.0" encoding="UTF-8"?>
<!-- Generated by org.testng.reporters.JUnitReportReporter -->
<testsuite hostname="LAPTOP-E462BQ6V" failures="0" tests="11" name="TestCases.AdminDashboardTest" time="48.034" errors="0" timestamp="2024-11-17T17:52:29 IST" skipped="0">
  <testcase classname="TestCases.AdminDashboardTest" name="testLogoutBtnAvailable" time="4.583"/>
  <system-out/>
  <testcase classname="TestCases.AdminDashboardTest" name="testProjectListHeader" time="0.113"/>
  <system-out/>
  <testcase classname="TestCases.AdminDashboardTest" name="testAddProjectButtonPresent" time="0.033"/>
  <system-out/>
  <testcase classname="TestCases.AdminDashboardTest" name="testAddprojectButtonFunctinality" time="0.145"/>
  <system-out/>
  <testcase classname="TestCases.AdminDashboardTest" name="testAddProjectAddbutton" time="9.697"/>
  <system-out/>
  <testcase classname="TestCases.AdminDashboardTest" name="testDeleteButtonActions" time="6.064"/>
  <system-out/>
  <testcase classname="TestCases.AdminDashboardTest" name="testAddProjectCancelbutton" time="3.693"/>
  <system-out/>
  <testcase classname="TestCases.AdminDashboardTest" name="testAddProjectNegativeData" time="6.419"/>
  <system-out/>
  <testcase classname="TestCases.AdminDashboardTest" name="testAddProjectNegativeData" time="6.750"/>
  <system-out/>
  <testcase classname="TestCases.AdminDashboardTest" name="testAddProjectNegativeData" time="6.747"/>
  <system-out/>
  <testcase classname="TestCases.AdminDashboardTest" name="testEditProjectPositive" time="3.790"/>
  <system-out/>
</testsuite> <!-- TestCases.AdminDashboardTest -->
