<?xml version="1.0" encoding="UTF-8"?>
<!-- Generated by org.testng.reporters.JUnitReportReporter -->
<testsuite hostname="DESKTOP-2PN8K12" failures="0" tests="11" name="TestCases.AdminDashboardTest" time="84.540" errors="0" timestamp="2024-11-25T12:05:34 IST" skipped="0">
  <testcase classname="TestCases.AdminDashboardTest" name="testLogoutBtnAvailable" time="3.216"/>
  <system-out/>
  <testcase classname="TestCases.AdminDashboardTest" name="testProjectListHeader" time="0.136"/>
  <system-out/>
  <testcase classname="TestCases.AdminDashboardTest" name="testAddProjectButtonPresent" time="0.073"/>
  <system-out/>
  <testcase classname="TestCases.AdminDashboardTest" name="testAddprojectButtonFunctinality" time="0.266"/>
  <system-out/>
  <testcase classname="TestCases.AdminDashboardTest" name="testAddProjectAddbutton" time="28.752"/>
  <system-out/>
  <testcase classname="TestCases.AdminDashboardTest" name="testDeleteButtonActions" time="3.193"/>
  <system-out/>
  <testcase classname="TestCases.AdminDashboardTest" name="testAddProjectCancelbutton" time="13.777"/>
  <system-out/>
  <testcase classname="TestCases.AdminDashboardTest" name="testAddProjectNegativeData" time="8.885"/>
  <system-out/>
  <testcase classname="TestCases.AdminDashboardTest" name="testAddProjectNegativeData" time="4.037"/>
  <system-out/>
  <testcase classname="TestCases.AdminDashboardTest" name="testAddProjectNegativeData" time="7.963"/>
  <system-out/>
  <testcase classname="TestCases.AdminDashboardTest" name="testEditProjectPositive" time="14.242"/>
  <system-out/>
</testsuite> <!-- TestCases.AdminDashboardTest -->
