<?xml version="1.0" encoding="UTF-8"?>
<!-- Generated by org.testng.reporters.JUnitReportReporter -->
<testsuite hostname="DESKTOP-5LKKDCR" failures="0" tests="1" name="TestCases.HomePageTest" time="0.147" errors="0" timestamp="2024-11-11T22:23:49 IST" skipped="0">
  <testcase classname="TestCases.HomePageTest" name="TC_HP_7" time="0.147"/>
  <system-out/>
</testsuite> <!-- TestCases.HomePageTest -->
