<?xml version="1.0" encoding="UTF-8"?>
<!-- Generated by org.testng.reporters.JUnitReportReporter -->
<testsuite hostname="DESKTOP-2PN8K12" failures="0" tests="5" name="TestCases.HomePageTest" time="3.824" errors="0" timestamp="2024-11-25T08:22:02 IST" skipped="0">
  <testcase classname="TestCases.HomePageTest" name="testLoginBtnPresent" time="0.367"/>
  <system-out/>
  <testcase classname="TestCases.HomePageTest" name="testLogoIsDisplayed" time="0.090"/>
  <system-out/>
  <testcase classname="TestCases.HomePageTest" name="testWelcomeMessagepresent" time="0.053"/>
  <system-out/>
  <testcase classname="TestCases.HomePageTest" name="testJoinUsBtnEnable" time="0.049"/>
  <system-out/>
  <testcase classname="TestCases.HomePageTest" name="testLoginBtnFunctionality" time="3.265"/>
  <system-out/>
</testsuite> <!-- TestCases.HomePageTest -->
