<?xml version="1.0" encoding="UTF-8"?>
<!-- Generated by org.testng.reporters.JUnitReportReporter -->
<testsuite hostname="DESKTOP-2PN8K12" failures="0" tests="1" name="TestCases.LoginTest" time="0.044" errors="0" timestamp="2024-11-11T12:09:55 IST" skipped="0">
  <testcase classname="TestCases.LoginTest" name="testproject" time="0.044"/>
</testsuite> <!-- TestCases.LoginTest -->
