<?xml version="1.0" encoding="UTF-8"?>
<!-- Generated by org.testng.reporters.JUnitReportReporter -->
<testsuite hostname="DESKTOP-2PN8K12" failures="0" tests="2" name="TestCases.ReferenceMaterialPageTest" time="14.961" errors="0" timestamp="2024-11-25T08:22:02 IST" skipped="0">
  <testcase classname="TestCases.ReferenceMaterialPageTest" name="testAddrefmaterialSubmitbtn" time="8.274"/>
  <system-out/>
  <testcase classname="TestCases.ReferenceMaterialPageTest" name="testAddrefmaterialCancelbtn" time="6.687"/>
  <system-out/>
</testsuite> <!-- TestCases.ReferenceMaterialPageTest -->
