<?xml version="1.0" encoding="UTF-8"?>
<!-- Generated by org.testng.reporters.JUnitReportReporter -->
<testsuite hostname="DESKTOP-2PN8K12" failures="0" tests="10" name="TestCases.MentorDashboardTest" time="12.229" errors="0" timestamp="2024-11-25T08:22:02 IST" skipped="0">
  <testcase classname="TestCases.MentorDashboardTest" name="testLogoutAvailable" time="4.320"/>
  <system-out/>
  <testcase classname="TestCases.MentorDashboardTest" name="testrefMatVisibleSide" time="0.046"/>
  <system-out/>
  <testcase classname="TestCases.MentorDashboardTest" name="testsubmissionListPage" time="0.422"/>
  <system-out/>
  <testcase classname="TestCases.MentorDashboardTest" name="testBatchDropdown" time="3.440"/>
  <system-out/>
  <testcase classname="TestCases.MentorDashboardTest" name="testTopicDropdown" time="0.405"/>
  <system-out/>
  <testcase classname="TestCases.MentorDashboardTest" name="testRefMaterialClickable" time="0.202"/>
  <system-out/>
  <testcase classname="TestCases.MentorDashboardTest" name="testRefMatTableHeader" time="2.866"/>
  <system-out/>
  <testcase classname="TestCases.MentorDashboardTest" name="testActionsDeletebtnEnable" time="0.056"/>
  <system-out/>
  <testcase classname="TestCases.MentorDashboardTest" name="testAddRefMaterailDisplayed" time="0.056"/>
  <system-out/>
  <testcase classname="TestCases.MentorDashboardTest" name="testAddRefMaterailFunction" time="0.416"/>
  <system-out/>
</testsuite> <!-- TestCases.MentorDashboardTest -->
