<?xml version="1.0" encoding="UTF-8"?>
<!-- Generated by org.testng.reporters.JUnitReportReporter -->
<testsuite hostname="DESKTOP-2PN8K12" failures="0" tests="11" name="TestCases.AdminDashboardTest" time="49.750" errors="0" timestamp="2024-11-16T15:58:35 IST" skipped="0">
  <testcase classname="TestCases.AdminDashboardTest" name="testLogoutBtnAvailable" time="3.913"/>
  <system-out/>
  <testcase classname="TestCases.AdminDashboardTest" name="testProjectListHeader" time="0.138"/>
  <system-out/>
  <testcase classname="TestCases.AdminDashboardTest" name="testAddProjectButtonPresent" time="0.051"/>
  <system-out/>
  <testcase classname="TestCases.AdminDashboardTest" name="testAddprojectButtonFunctinality" time="0.296"/>
  <system-out/>
  <testcase classname="TestCases.AdminDashboardTest" name="testAddProjectAddbutton" time="10.312"/>
  <system-out/>
  <testcase classname="TestCases.AdminDashboardTest" name="testDeleteButtonActions" time="6.113"/>
  <system-out/>
  <testcase classname="TestCases.AdminDashboardTest" name="testAddProjectCancelbutton" time="4.033"/>
  <system-out/>
  <testcase classname="TestCases.AdminDashboardTest" name="testAddProjectNegativeData" time="7.000"/>
  <system-out/>
  <testcase classname="TestCases.AdminDashboardTest" name="testAddProjectNegativeData" time="6.720"/>
  <system-out/>
  <testcase classname="TestCases.AdminDashboardTest" name="testAddProjectNegativeData" time="7.063"/>
  <system-out/>
  <testcase classname="TestCases.AdminDashboardTest" name="testEditProjectPositive" time="4.111"/>
  <system-out/>
</testsuite> <!-- TestCases.AdminDashboardTest -->
