<?xml version="1.0" encoding="UTF-8"?>
<!-- Generated by org.testng.reporters.JUnitReportReporter -->
<testsuite hostname="DESKTOP-2PN8K12" failures="0" tests="12" name="TestCases.LoginTest" time="54.056" errors="0" timestamp="2024-11-25T12:05:34 IST" skipped="0">
  <testcase classname="TestCases.LoginTest" name="testAdminLogin" time="9.810"/>
  <system-out/>
  <testcase classname="TestCases.LoginTest" name="testMentorLogin" time="9.904"/>
  <system-out/>
  <testcase classname="TestCases.LoginTest" name="testLoginNegative" time="3.795"/>
  <system-out/>
  <testcase classname="TestCases.LoginTest" name="testLoginNegative" time="3.779"/>
  <system-out/>
  <testcase classname="TestCases.LoginTest" name="testLoginNegative" time="3.799"/>
  <system-out/>
  <testcase classname="TestCases.LoginTest" name="testLoginNegative" time="3.820"/>
  <system-out/>
  <testcase classname="TestCases.LoginTest" name="testLoginNegative" time="3.884"/>
  <system-out/>
  <testcase classname="TestCases.LoginTest" name="testLoginNegative" time="3.712"/>
  <system-out/>
  <testcase classname="TestCases.LoginTest" name="testLoginNegative" time="3.802"/>
  <system-out/>
  <testcase classname="TestCases.LoginTest" name="testLoginNegative" time="3.664"/>
  <system-out/>
  <testcase classname="TestCases.LoginTest" name="testLoginNegative" time="3.889"/>
  <system-out/>
  <testcase classname="TestCases.LoginTest" name="testSignUpEnabled" time="0.198"/>
  <system-out/>
</testsuite> <!-- TestCases.LoginTest -->
