<?xml version="1.0" encoding="UTF-8"?>
<!-- Generated by org.testng.reporters.JUnitReportReporter -->
<testsuite hostname="LAPTOP-E462BQ6V" failures="0" tests="10" name="TestCases.MentorDashboardTest" time="8.202" errors="0" timestamp="2024-11-17T21:17:15 IST" skipped="0">
  <testcase classname="TestCases.MentorDashboardTest" name="testLogoutAvailable" time="3.068"/>
  <system-out/>
  <testcase classname="TestCases.MentorDashboardTest" name="testrefMatVisibleSide" time="0.045"/>
  <system-out/>
  <testcase classname="TestCases.MentorDashboardTest" name="testsubmissionListPage" time="0.292"/>
  <system-out/>
  <testcase classname="TestCases.MentorDashboardTest" name="testBatchDropdown" time="3.261"/>
  <system-out/>
  <testcase classname="TestCases.MentorDashboardTest" name="testTopicDropdown" time="0.227"/>
  <system-out/>
  <testcase classname="TestCases.MentorDashboardTest" name="testRefMaterialClickable" time="0.109"/>
  <system-out/>
  <testcase classname="TestCases.MentorDashboardTest" name="testRefMatTableHeader" time="1.007"/>
  <system-out/>
  <testcase classname="TestCases.MentorDashboardTest" name="testActionsDeletebtnEnable" time="0.035"/>
  <system-out/>
  <testcase classname="TestCases.MentorDashboardTest" name="testAddRefMaterailDisplayed" time="0.036"/>
  <system-out/>
  <testcase classname="TestCases.MentorDashboardTest" name="testAddRefMaterailFunction" time="0.122"/>
  <system-out/>
</testsuite> <!-- TestCases.MentorDashboardTest -->
