<?xml version="1.0" encoding="UTF-8"?>
<!-- Generated by org.testng.reporters.JUnitReportReporter -->
<testsuite hostname="DESKTOP-2PN8K12" failures="0" tests="12" name="TestCases.LoginTest" time="52.024" errors="0" timestamp="2024-11-25T08:22:02 IST" skipped="0">
  <testcase classname="TestCases.LoginTest" name="testAdminLogin" time="8.710"/>
  <system-out/>
  <testcase classname="TestCases.LoginTest" name="testMentorLogin" time="9.536"/>
  <system-out/>
  <testcase classname="TestCases.LoginTest" name="testLoginNegative" time="3.769"/>
  <system-out/>
  <testcase classname="TestCases.LoginTest" name="testLoginNegative" time="3.851"/>
  <system-out/>
  <testcase classname="TestCases.LoginTest" name="testLoginNegative" time="3.637"/>
  <system-out/>
  <testcase classname="TestCases.LoginTest" name="testLoginNegative" time="3.761"/>
  <system-out/>
  <testcase classname="TestCases.LoginTest" name="testLoginNegative" time="3.691"/>
  <system-out/>
  <testcase classname="TestCases.LoginTest" name="testLoginNegative" time="3.679"/>
  <system-out/>
  <testcase classname="TestCases.LoginTest" name="testLoginNegative" time="3.741"/>
  <system-out/>
  <testcase classname="TestCases.LoginTest" name="testLoginNegative" time="3.611"/>
  <system-out/>
  <testcase classname="TestCases.LoginTest" name="testLoginNegative" time="3.819"/>
  <system-out/>
  <testcase classname="TestCases.LoginTest" name="testSignUpEnabled" time="0.219"/>
  <system-out/>
</testsuite> <!-- TestCases.LoginTest -->
