<?xml version="1.0" encoding="UTF-8"?>
<!-- Generated by org.testng.reporters.JUnitReportReporter -->
<testsuite hostname="DESKTOP-5LKKDCR" failures="0" tests="4" name="TestCases.HomePageTest" time="0.265" errors="0" timestamp="2024-11-12T00:39:07 IST" skipped="0">
  <testcase classname="TestCases.HomePageTest" name="TC_HP_71" time="0.109"/>
  <system-out/>
  <testcase classname="TestCases.HomePageTest" name="TC_HP_5" time="0.050"/>
  <system-out/>
  <testcase classname="TestCases.HomePageTest" name="TC_HP_6" time="0.057"/>
  <system-out/>
  <testcase classname="TestCases.HomePageTest" name="TC_HP_3" time="0.049"/>
  <system-out/>
</testsuite> <!-- TestCases.HomePageTest -->
