<?xml version="1.0" encoding="UTF-8"?>
<!-- Generated by org.testng.reporters.JUnitReportReporter -->
<testsuite hostname="DESKTOP-2PN8K12" failures="0" tests="14" name="TestCases.MentorList" time="107.219" errors="0" timestamp="2024-11-25T12:05:34 IST" skipped="0">
  <testcase classname="TestCases.MentorList" name="testMentorListPageNavigation" time="5.463"/>
  <system-out/>
  <testcase classname="TestCases.MentorList" name="testMentorListHeader" time="0.198"/>
  <system-out/>
  <testcase classname="TestCases.MentorList" name="testAddmentorButtonVisible" time="0.043"/>
  <system-out/>
  <testcase classname="TestCases.MentorList" name="testAddMentorDialogBox" time="6.163"/>
  <system-out/>
  <testcase classname="TestCases.MentorList" name="testAddedProjectTopicDropdown" time="19.751"/>
  <system-out/>
  <testcase classname="TestCases.MentorList" name="testInvalidDataAddMentor" time="8.197"/>
  <system-out/>
  <testcase classname="TestCases.MentorList" name="testInvalidDataAddMentor" time="9.124"/>
  <system-out/>
  <testcase classname="TestCases.MentorList" name="testInvalidDataAddMentor" time="8.215"/>
  <system-out/>
  <testcase classname="TestCases.MentorList" name="testInvalidDataAddMentor" time="8.007"/>
  <system-out/>
  <testcase classname="TestCases.MentorList" name="testInvalidDataAddMentor" time="8.144"/>
  <system-out/>
  <testcase classname="TestCases.MentorList" name="testInvalidDataAddMentor" time="9.074"/>
  <system-out/>
  <testcase classname="TestCases.MentorList" name="testInvalidDataAddMentor" time="8.029"/>
  <system-out/>
  <testcase classname="TestCases.MentorList" name="testInvalidDataAddMentor" time="6.506"/>
  <system-out/>
  <testcase classname="TestCases.MentorList" name="testValidDataEntryAddMentor" time="10.305"/>
  <system-out/>
</testsuite> <!-- TestCases.MentorList -->
