<?xml version="1.0" encoding="UTF-8"?>
<!-- Generated by org.testng.reporters.JUnitReportReporter -->

<testsuite hostname="DESKTOP-DREBJVE" failures="0" tests="1" name="TestCases.LoginTest" time="0.619" errors="0" timestamp="2024-11-12T03:09:25 IST" skipped="0">
  <testcase classname="TestCases.LoginTest" name="testproject" time="0.619"/>

<testsuite hostname="LAPTOP-E462BQ6V" failures="0" tests="1" name="TestCases.LoginTest" time="0.017" errors="0" timestamp="2024-11-12T10:55:25 IST" skipped="0">
  <testcase classname="TestCases.LoginTest" name="testproject" time="0.017"/>
  <system-out/>

</testsuite> <!-- TestCases.LoginTest -->
