<?xml version="1.0" encoding="UTF-8"?>
<!-- Generated by org.testng.reporters.JUnitReportReporter -->
<testsuite hostname="LAPTOP-E462BQ6V" failures="0" tests="9" name="TestCases.MentorDashboardTest" time="11.375" errors="0" timestamp="2024-11-16T11:36:25 IST" skipped="0">
  <testcase classname="TestCases.MentorDashboardTest" name="testrefMatVisibleSide" time="5.159"/>
  <system-out/>
  <testcase classname="TestCases.MentorDashboardTest" name="testsubmissionListPage" time="0.399"/>
  <system-out/>
  <testcase classname="TestCases.MentorDashboardTest" name="testBatchDropdown" time="3.362"/>
  <system-out/>
  <testcase classname="TestCases.MentorDashboardTest" name="testTopicDropdown" time="0.271"/>
  <system-out/>
  <testcase classname="TestCases.MentorDashboardTest" name="testRefMaterialClickable" time="0.160"/>
  <system-out/>
  <testcase classname="TestCases.MentorDashboardTest" name="testRefMatTableHeader" time="1.800"/>
  <system-out/>
  <testcase classname="TestCases.MentorDashboardTest" name="testActionsDeletebtnEnable" time="0.043"/>
  <system-out/>
  <testcase classname="TestCases.MentorDashboardTest" name="testAddRefMaterailDisplayed" time="0.049"/>
  <system-out/>
  <testcase classname="TestCases.MentorDashboardTest" name="testAddRefMaterailFunction" time="0.132"/>
  <system-out/>
</testsuite> <!-- TestCases.MentorDashboardTest -->
