<?xml version="1.0" encoding="UTF-8"?>
<!-- Generated by org.testng.reporters.JUnitReportReporter -->
<testsuite hostname="DESKTOP-2PN8K12" failures="0" tests="10" name="TestCases.MentorDashboardTest" time="13.453" errors="0" timestamp="2024-11-25T12:05:34 IST" skipped="0">
  <testcase classname="TestCases.MentorDashboardTest" name="testLogoutAvailable" time="4.528"/>
  <system-out/>
  <testcase classname="TestCases.MentorDashboardTest" name="testrefMatVisibleSide" time="0.051"/>
  <system-out/>
  <testcase classname="TestCases.MentorDashboardTest" name="testsubmissionListPage" time="0.424"/>
  <system-out/>
  <testcase classname="TestCases.MentorDashboardTest" name="testBatchDropdown" time="3.757"/>
  <system-out/>
  <testcase classname="TestCases.MentorDashboardTest" name="testTopicDropdown" time="0.620"/>
  <system-out/>
  <testcase classname="TestCases.MentorDashboardTest" name="testRefMaterialClickable" time="0.241"/>
  <system-out/>
  <testcase classname="TestCases.MentorDashboardTest" name="testRefMatTableHeader" time="3.441"/>
  <system-out/>
  <testcase classname="TestCases.MentorDashboardTest" name="testActionsDeletebtnEnable" time="0.073"/>
  <system-out/>
  <testcase classname="TestCases.MentorDashboardTest" name="testAddRefMaterailDisplayed" time="0.053"/>
  <system-out/>
  <testcase classname="TestCases.MentorDashboardTest" name="testAddRefMaterailFunction" time="0.265"/>
  <system-out/>
</testsuite> <!-- TestCases.MentorDashboardTest -->
