<?xml version="1.0" encoding="UTF-8"?>
<!-- Generated by org.testng.reporters.JUnitReportReporter -->
<testsuite hostname="DESKTOP-DREBJVE" failures="0" tests="1" name="TestCases.LoginTest" time="0.638" errors="0" timestamp="2024-11-11T06:53:45 IST" skipped="0">
  <testcase classname="TestCases.LoginTest" name="testproject" time="0.638"/>
</testsuite> <!-- TestCases.LoginTest -->
