<?xml version="1.0" encoding="UTF-8"?>
<!-- Generated by org.testng.reporters.JUnitReportReporter -->
<testsuite hostname="LAPTOP-E462BQ6V" failures="0" tests="1" name="TestCases.LoginTest" time="0.532" errors="0" timestamp="2024-11-16T18:09:45 IST" skipped="0">
  <testcase classname="TestCases.LoginTest" name="testproject" time="0.532"/>
  <system-out/>
</testsuite> <!-- TestCases.LoginTest -->
