<?xml version="1.0" encoding="UTF-8"?>
<!-- Generated by org.testng.reporters.JUnitReportReporter -->
<testsuite hostname="LAPTOP-E462BQ6V" failures="0" tests="5" name="TestCases.HomePageTest" time="0.483" errors="0" timestamp="2024-11-17T21:01:24 IST" skipped="0">
  <testcase classname="TestCases.HomePageTest" name="testLoginBtnPresent" time="0.076"/>
  <system-out/>
  <testcase classname="TestCases.HomePageTest" name="testLogoIsDisplayed" time="0.049"/>
  <system-out/>
  <testcase classname="TestCases.HomePageTest" name="testWelcomeMessagepresent" time="0.108"/>
  <system-out/>
  <testcase classname="TestCases.HomePageTest" name="testJoinUsBtnEnable" time="0.058"/>
  <system-out/>
  <testcase classname="TestCases.HomePageTest" name="testLoginBtnFunctionality" time="0.192"/>
  <system-out/>
</testsuite> <!-- TestCases.HomePageTest -->
