<?xml version="1.0" encoding="UTF-8"?>
<!-- Generated by org.testng.reporters.JUnitReportReporter -->
<testsuite hostname="DESKTOP-2PN8K12" failures="0" tests="11" name="TestCases.AdminDashboardTest" time="81.611" errors="0" timestamp="2024-11-25T08:22:02 IST" skipped="0">
  <testcase classname="TestCases.AdminDashboardTest" name="testLogoutBtnAvailable" time="2.121"/>
  <system-out/>
  <testcase classname="TestCases.AdminDashboardTest" name="testProjectListHeader" time="0.119"/>
  <system-out/>
  <testcase classname="TestCases.AdminDashboardTest" name="testAddProjectButtonPresent" time="0.078"/>
  <system-out/>
  <testcase classname="TestCases.AdminDashboardTest" name="testAddprojectButtonFunctinality" time="0.282"/>
  <system-out/>
  <testcase classname="TestCases.AdminDashboardTest" name="testAddProjectAddbutton" time="28.011"/>
  <system-out/>
  <testcase classname="TestCases.AdminDashboardTest" name="testDeleteButtonActions" time="3.126"/>
  <system-out/>
  <testcase classname="TestCases.AdminDashboardTest" name="testAddProjectCancelbutton" time="13.492"/>
  <system-out/>
  <testcase classname="TestCases.AdminDashboardTest" name="testAddProjectNegativeData" time="3.995"/>
  <system-out/>
  <testcase classname="TestCases.AdminDashboardTest" name="testAddProjectNegativeData" time="8.591"/>
  <system-out/>
  <testcase classname="TestCases.AdminDashboardTest" name="testAddProjectNegativeData" time="7.774"/>
  <system-out/>
  <testcase classname="TestCases.AdminDashboardTest" name="testEditProjectPositive" time="14.022"/>
  <system-out/>
</testsuite> <!-- TestCases.AdminDashboardTest -->
