<?xml version="1.0" encoding="UTF-8"?>
<!-- Generated by org.testng.reporters.JUnitReportReporter -->
<testsuite hostname="DESKTOP-2PN8K12" failures="0" tests="5" name="TestCases.HomePageTest" time="4.096" errors="0" timestamp="2024-11-25T12:05:34 IST" skipped="0">
  <testcase classname="TestCases.HomePageTest" name="testLoginBtnPresent" time="0.463"/>
  <system-out/>
  <testcase classname="TestCases.HomePageTest" name="testLogoIsDisplayed" time="0.079"/>
  <system-out/>
  <testcase classname="TestCases.HomePageTest" name="testWelcomeMessagepresent" time="0.100"/>
  <system-out/>
  <testcase classname="TestCases.HomePageTest" name="testJoinUsBtnEnable" time="0.091"/>
  <system-out/>
  <testcase classname="TestCases.HomePageTest" name="testLoginBtnFunctionality" time="3.363"/>
  <system-out/>
</testsuite> <!-- TestCases.HomePageTest -->
