<?xml version="1.0" encoding="UTF-8"?>
<!-- Generated by org.testng.reporters.JUnitReportReporter -->
<testsuite hostname="LAPTOP-E462BQ6V" failures="0" tests="1" name="TestCases.ReferenceMaterialPageTest" time="6.941" errors="0" timestamp="2024-11-16T11:35:17 IST" skipped="0">
  <testcase classname="TestCases.ReferenceMaterialPageTest" name="testAddrefmaterialCancelbtn" time="6.941"/>
  <system-out/>
</testsuite> <!-- TestCases.ReferenceMaterialPageTest -->
